<?xml version="1.0" encoding="UTF-8"?>
<testsuite name="mob.SecondTests" tests="3" skipped="0" failures="0" errors="0" timestamp="2020-10-06T11:10:05" hostname="MacBook-Pro.local" time="0.266">
  <properties/>
  <testcase name="testOne()" classname="mob.SecondTests" time="0.252"/>
  <testcase name="testTwo()" classname="mob.SecondTests" time="0.003"/>
  <testcase name="testThree()" classname="mob.SecondTests" time="0.003"/>
  <system-out><![CDATA[]]></system-out>
  <system-err><![CDATA[]]></system-err>
</testsuite>
